2025-11-24T05:46:09.041Z - Creating Single Player Game: Player=DebugBot, Bots=1, Diff=normal
2025-11-24T05:46:09.042Z - Added Bot 1: true
2025-11-24T05:46:09.042Z - Total Players: 2
2025-11-24T05:47:47.227Z - Creating Single Player Game: Player=DebugBot, Bots=1, Diff=normal
2025-11-24T05:47:47.227Z - Added Bot 1: true
2025-11-24T05:47:47.228Z - Total Players: 2
2025-11-24T08:29:30.874Z - Creating Single Player Game: Player=TestBot, Bots=1, Diff=normal
2025-11-24T08:29:30.874Z - Added Bot 1: true
2025-11-24T08:29:30.874Z - Total Players: 2
2025-11-24T08:29:31.885Z - Chat from TestBot in TJMBE7: TEST START SCRIPT
2025-11-24T08:29:31.886Z - Start request for room TJMBE7 from _1gs8LjeABck7dy_AAAD
2025-11-24T08:29:31.886Z - Game players: 2, Host: _1gs8LjeABck7dy_AAAD
2025-11-24T08:29:31.887Z - Starting game...
2025-11-24T11:08:49.695Z - Creating Single Player Game: Player=soe, Bots=1, Diff=easy
2025-11-24T11:08:49.696Z - Added Bot 1: true
2025-11-24T11:08:49.696Z - Total Players: 2
2025-11-24T11:08:54.743Z - Chat from soe in 4K3XNS: TEST START
2025-11-24T11:08:54.744Z - Start request for room 4K3XNS from yOAg_bZEzx2PLhp0AAAB
2025-11-24T11:08:54.744Z - Game players: 2, Host: yOAg_bZEzx2PLhp0AAAB
2025-11-24T11:08:54.744Z - Starting game...
